Arguments: 
  C:\Program Files\nodejs\node.exe C:\Program Files (x86)\Yarn\bin\yarn.js add expo-cli

PATH: 
  C:\Users\ENG_touta\bin;C:\Program Files\Git\mingw64\bin;C:\Program Files\Git\usr\local\bin;C:\Program Files\Git\usr\bin;C:\Program Files\Git\usr\bin;C:\Program Files\Git\mingw64\bin;C:\Program Files\Git\usr\bin;C:\Users\ENG_touta\bin;C:\Program Files\ImageMagick-7.0.10-Q16-HDRI;C:\Python38\Scripts;C:\Python38;C:\Program Files (x86)\AMD APP\bin\x86_64;C:\Program Files (x86)\AMD APP\bin\x86;C:\WINDOWS\system32;C:\WINDOWS;C:\WINDOWS\System32\Wbem;C:\WINDOWS\System32\WindowsPowerShell\v1.0;C:\Program Files (x86)\ATI Technologies\ATI.ACE\Core-Static;C:\WINDOWS\System32\OpenSSH;C:\Program Files\Git\cmd;C:\xampp\php;C:\composer;C:\Program Files (x86)\Yarn\bin;C:\Program Files\nodejs;C:\ProgramData\chocolatey\bin;C:\Users\ENG_touta\AppData\Local\Microsoft\WindowsApps;C:\Users\ENG_touta\AppData\Roaming\Composer\vendor\bin;C:\Users\ENG_touta\AppData\Local\Programs\Microsoft VS Code\bin;C:\Users\ENG_touta\AppData\Local\Yarn\bin;C:\Users\ENG_touta\AppData\Roaming\npm;C:\Program Files\Git\usr\bin\vendor_perl;C:\Program Files\Git\usr\bin\core_perl

Yarn version: 
  1.22.4

Node version: 
  12.18.2

Platform: 
  win32 x64

Trace: 
  Error: EPERM: operation not permitted, unlink 'E:\opration work\material-kit-react-native\node_modules\@expo\xdl\binaries\windows\adb\AdbWinApi.dll'

npm manifest: 
  {
    "name": "rn-material-kit-free",
    "version": "1.6.0",
    "description": "Material Kit React Native. Coded by Creative Tim",
    "main": "node_modules/expo/AppEntry.js",
    "private": true,
    "scripts": {
      "start": "cross-env REACT_EDITOR=code expo start",
      "android": "cross-env REACT_EDITOR=code expo start --android",
      "ios": "cross-env REACT_EDITOR=code expo start --ios",
      "eject": "expo eject",
      "test": "node ./node_modules/jest/bin/jest.js --watchAll"
    },
    "jest": {
      "preset": "jest-expo"
    },
    "dependencies": {
      "@react-native-community/masked-view": "0.1.6",
      "@react-navigation/compat": "~5.1.25",
      "@react-navigation/drawer": "~5.8.2",
      "@react-navigation/native": "~5.5.0",
      "@react-navigation/stack": "~5.4.1",
      "expo": "^37.0.0",
      "expo-asset": "~8.1.5",
      "expo-font": "~8.1.0",
      "expo-linear-gradient": "~8.1.0",
      "galio-framework": "~0.6.3",
      "react": "16.9.0",
      "react-native": "https://github.com/expo/react-native/archive/sdk-37.0.1.tar.gz",
      "react-native-gesture-handler": "~1.6.0",
      "react-native-image-slider-box": "^1.0.12",
      "react-native-modal-dropdown": "~0.7.0",
      "react-native-reanimated": "~1.7.0",
      "react-native-safe-area-context": "0.7.3",
      "react-native-screens": "~2.2.0"
    },
    "devDependencies": {
      "babel-preset-expo": "^8.2.1",
      "cross-env": "~7.0.0",
      "expo-cli": "~3.11.7",
      "jest-expo": "^37.0.0"
    },
    "bugs": {
      "url": "https://github.com/creativetimofficial/material-kit-react-native/issues"
    },
    "homepage": "https://demos.creative-tim.com/material-kit-react-native/"
  }

yarn manifest: 
  No manifest

Lockfile: 
  No lockfile
